<?xml version="1.0" encoding="UTF-8"?>
<!-- Generated by org.testng.reporters.JUnitReportReporter -->
<testsuite hostname="ARO-MAB-2105" failures="0" tests="1" name="com.automationexercise.tests.TestCase8" time="9.143" errors="0" timestamp="2024-12-03T12:27:09 WAT" skipped="0">
  <testcase classname="com.automationexercise.tests.TestCase8" name="verifyAllProductsAndProductDetailPage" time="9.143"/>
  <system-out/>
</testsuite> <!-- com.automationexercise.tests.TestCase8 -->
