<?xml version="1.0" encoding="UTF-8"?>
<!-- Generated by org.testng.reporters.JUnitReportReporter -->
<testsuite hostname="ARO-MAB-2105" failures="0" tests="1" name="com.automationexercise.tests.TestCase12" time="10.415" errors="0" timestamp="2024-12-03T12:27:09 WAT" skipped="0">
  <testcase classname="com.automationexercise.tests.TestCase12" name="addProductsInCart" time="10.415"/>
  <system-out/>
</testsuite> <!-- com.automationexercise.tests.TestCase12 -->
