<?xml version="1.0" encoding="UTF-8"?>
<!-- Generated by org.testng.reporters.JUnitReportReporter -->
<testsuite hostname="ARO-MAB-2105" failures="0" tests="1" name="com.automationexercise.tests.TestCase1" time="13.359" errors="0" timestamp="2024-12-24T17:38:55 WAT" skipped="0">
  <testcase classname="com.automationexercise.tests.TestCase1" name="registerUser" time="13.359"/>
  <system-out/>
</testsuite> <!-- com.automationexercise.tests.TestCase1 -->
