<?xml version="1.0" encoding="UTF-8"?>
<!-- Generated by org.testng.reporters.JUnitReportReporter -->
<testsuite hostname="ARO-MAB-2105" failures="0" tests="1" name="com.automationexercise.tests.TestCase3" time="11.191" errors="0" timestamp="2024-12-19T14:36:43 WAT" skipped="0">
  <testcase classname="com.automationexercise.tests.TestCase3" name="loginUserWithIncorrectEmailAndPassword" time="11.191"/>
  <system-out/>
</testsuite> <!-- com.automationexercise.tests.TestCase3 -->
