<?xml version="1.0" encoding="UTF-8"?>
<!-- Generated by org.testng.reporters.JUnitReportReporter -->
<testsuite hostname="ARO-MAB-2105" failures="0" tests="1" name="com.automationexercise.tests.TestCase4" time="10.586" errors="0" timestamp="2024-12-19T14:43:16 WAT" skipped="0">
  <testcase classname="com.automationexercise.tests.TestCase4" name="logoutUser" time="10.586"/>
  <system-out/>
</testsuite> <!-- com.automationexercise.tests.TestCase4 -->
