<?xml version="1.0" encoding="UTF-8"?>
<!-- Generated by org.testng.reporters.JUnitReportReporter -->
<testsuite hostname="ARO-MAB-2105" failures="0" tests="1" name="com.automationexercise.tests.TestCase2" time="9.296" errors="0" timestamp="2024-12-19T14:10:26 WAT" skipped="0">
  <testcase classname="com.automationexercise.tests.TestCase2" name="loginUserWithCorrectEmailAndPassword" time="9.296"/>
  <system-out/>
</testsuite> <!-- com.automationexercise.tests.TestCase2 -->
