<?xml version="1.0" encoding="UTF-8"?>
<!-- Generated by org.testng.reporters.JUnitReportReporter -->
<testsuite hostname="ARO-MAB-2105" failures="0" tests="1" name="com.automationexercise.tests.TestCase5" time="9.690" errors="0" timestamp="2024-12-19T15:00:16 WAT" skipped="0">
  <testcase classname="com.automationexercise.tests.TestCase5" name="registerUserWithExistingEmail" time="9.690"/>
  <system-out/>
</testsuite> <!-- com.automationexercise.tests.TestCase5 -->
